<?xml version="1.0" encoding="UTF-8"?>
<!-- Generated by org.testng.reporters.JUnitReportReporter -->
<testsuite hostname="Operations-Lap4" failures="0" tests="1" name="Purchase.makePurchase" time="51.421" errors="0" timestamp="2023-12-11T13:46:06 EET" skipped="0">
  <testcase classname="Purchase.makePurchase" name="purchase" time="51.421"/>
  <system-out/>
</testsuite> <!-- Purchase.makePurchase -->
